<?xml version="1.0" encoding="UTF-8"?>
<coverage generated="1625345330">
  <project timestamp="1625345330">
    <file name="/home/thor/Projects/phpunit-coverage-check/src/CoverageChecker.php">
      <class name="PHPUnitCoverageCheck\CoverageChecker" namespace="global">
        <metrics complexity="17" methods="5" coveredmethods="5" conditionals="0" coveredconditionals="0" statements="79" coveredstatements="79" elements="84" coveredelements="84"/>
      </class>
      <line num="43" type="method" name="configure" visibility="protected" complexity="1" crap="1" count="1260"/>
      <line num="46" type="stmt" count="1260"/>
      <line num="47" type="stmt" count="1260"/>
      <line num="49" type="stmt" count="1260"/>
      <line num="55" type="stmt" count="1260"/>
      <line num="56" type="stmt" count="1260"/>
      <line num="57" type="stmt" count="1260"/>
      <line num="58" type="stmt" count="1260"/>
      <line num="61" type="stmt" count="1260"/>
      <line num="68" type="method" name="execute" visibility="protected" complexity="3" crap="3" count="1260"/>
      <line num="72" type="stmt" count="1260"/>
      <line num="76" type="stmt" count="1260"/>
      <line num="77" type="stmt" count="1260"/>
      <line num="78" type="stmt" count="1260"/>
      <line num="81" type="stmt" count="1260"/>
      <line num="83" type="stmt" count="144"/>
      <line num="84" type="stmt" count="144"/>
      <line num="85" type="stmt" count="144"/>
      <line num="87" type="stmt" count="144"/>
      <line num="89" type="stmt" count="144"/>
      <line num="91" type="stmt" count="144"/>
      <line num="92" type="stmt" count="144"/>
      <line num="94" type="stmt" count="144"/>
      <line num="96" type="stmt" count="144"/>
      <line num="98" type="stmt" count="144"/>
      <line num="110" type="method" name="validate" visibility="private" complexity="8" crap="8" count="1260"/>
      <line num="112" type="stmt" count="1260"/>
      <line num="113" type="stmt" count="420"/>
      <line num="116" type="stmt" count="840"/>
      <line num="117" type="stmt" count="210"/>
      <line num="118" type="stmt" count="210"/>
      <line num="119" type="stmt" count="210"/>
      <line num="121" type="stmt" count="210"/>
      <line num="124" type="stmt" count="630"/>
      <line num="126" type="stmt" count="630"/>
      <line num="127" type="stmt" count="90"/>
      <line num="131" type="stmt" count="540"/>
      <line num="132" type="stmt" count="540"/>
      <line num="134" type="stmt" count="180"/>
      <line num="135" type="stmt" count="180"/>
      <line num="136" type="stmt" count="180"/>
      <line num="138" type="stmt" count="180"/>
      <line num="141" type="stmt" count="360"/>
      <line num="142" type="stmt" count="120"/>
      <line num="143" type="stmt" count="120"/>
      <line num="144" type="stmt" count="120"/>
      <line num="145" type="stmt" count="120"/>
      <line num="147" type="stmt" count="120"/>
      <line num="150" type="stmt" count="240"/>
      <line num="151" type="stmt" count="96"/>
      <line num="152" type="stmt" count="96"/>
      <line num="153" type="stmt" count="96"/>
      <line num="154" type="stmt" count="96"/>
      <line num="155" type="stmt" count="96"/>
      <line num="156" type="stmt" count="96"/>
      <line num="158" type="stmt" count="96"/>
      <line num="160" type="stmt" count="144"/>
      <line num="170" type="method" name="coverageFromXml" visibility="private" complexity="2" crap="2" count="144"/>
      <line num="172" type="stmt" count="144"/>
      <line num="173" type="stmt" count="144"/>
      <line num="174" type="stmt" count="144"/>
      <line num="176" type="stmt" count="144"/>
      <line num="177" type="stmt" count="144"/>
      <line num="178" type="stmt" count="144"/>
      <line num="182" type="stmt" count="144"/>
      <line num="184" type="stmt" count="144"/>
      <line num="187" type="method" name="message" visibility="private" complexity="3" crap="3" count="144"/>
      <line num="189" type="stmt" count="144"/>
      <line num="190" type="stmt" count="144"/>
      <line num="191" type="stmt" count="144"/>
      <line num="192" type="stmt" count="144"/>
      <line num="195" type="stmt" count="144"/>
      <line num="196" type="stmt" count="60"/>
      <line num="197" type="stmt" count="60"/>
      <line num="198" type="stmt" count="60"/>
      <line num="199" type="stmt" count="60"/>
      <line num="202" type="stmt" count="60"/>
      <line num="204" type="stmt" count="60"/>
      <line num="207" type="stmt" count="84"/>
      <line num="208" type="stmt" count="84"/>
      <line num="209" type="stmt" count="84"/>
      <line num="210" type="stmt" count="84"/>
      <line num="213" type="stmt" count="84"/>
      <line num="214" type="stmt" count="84"/>
      <metrics loc="215" ncloc="190" classes="1" methods="5" coveredmethods="5" conditionals="0" coveredconditionals="0" statements="79" coveredstatements="79" elements="84" coveredelements="84"/>
    </file>
    <metrics files="1" loc="215" ncloc="190" classes="1" methods="5" coveredmethods="5" conditionals="0" coveredconditionals="0" statements="79" coveredstatements="79" elements="84" coveredelements="84"/>
  </project>
</coverage>
